BUGS
CREDITS
LICENSE
Makefile
README.md
TODO
config.def.mk
dist.lst
version.mk
doc/Makefile
doc/utlib.3.t
examples/Makefile
examples/ntime_ex01.c
examples/prng_ex01.c
examples/utf8_encode_ex01.c
lib/inc_priv/baseconv.h
lib/inc_priv/utf8_indec.h
lib/inc_priv/utf8_inenc.h
lib/Makefile
lib/base16.c
lib/base16.h
lib/prng.c
lib/prng.h
lib/str_escape.c
lib/str_escape.h
lib/str_icmp.c
lib/str_icmp.h
lib/str_trim.c
lib/str_trim.h
lib/str_unescape.c
lib/str_unescape.h
lib/utf8_decode.c
lib/utf8_decode.h
lib/utf8_encode.c
lib/utf8_encode.h
lib/extra/bendian.c
lib/extra/bendian.h
lib/extra/getopts.c
lib/extra/getopts.h
lib/extra/logging.c
lib/extra/logging.h
lib/extra/ntime.c
lib/extra/ntime.h
lib/extra/utf8_locale.c
lib/extra/utf8_locale.h
test/Makefile
test/base16_test.c
test/prng_test.c
test/str_escape_test.c
test/str_icmp_test.c
test/str_trim_test.c
test/test_template.c.sample
test/testmain.c
test/testmain.h
test/testsupp.h
test/utf8_test.c
test/extra/bendian_test.c
test/extra/getopts_test.c
test/extra/logging_test.c
test/extra/ntime_test.c
